<?xml version="1.0" encoding="UTF-8"?>
<!-- Generated by org.testng.reporters.JUnitReportReporter -->
<testsuite hostname="Lenovo-dhanush2" failures="0" tests="2" name="com.ui.tests.Admin" time="60.612" errors="0" timestamp="2024-09-19T21:40:06 IST" skipped="0">
  <testcase classname="com.ui.tests.Admin" name="removeUser" time="26.330"/>
  <system-out/>
  <testcase classname="com.ui.tests.Admin" name="addUser" time="34.282"/>
  <system-out/>
</testsuite> <!-- com.ui.tests.Admin -->
